0:100  0:100  MemLog inited, TSC freq: 3192461310
0:100  0:000  CPU was calibrated with RTC
0:100  0:000  
0:100  0:000  Now is 17.4.2019,  4:14:7 (GMT)
0:100  0:000  Starting Clover revision: 4895 on American Megatrends EFI
0:100  0:000  Build with: [Args: -nb -mc --no-usb -D NO_GRUB_DRIVERS_EMBEDDED | -D DISABLE_USB_SUPPORT -D NO_GRUB_DRIVERS_EMBEDDED -D USE_BIOS_BLOCKIO -D USE_LOW_EBDA -D HAVE_LEGACY_EMURUNTIMEDXE -a X64 -b RELEASE -t XCODE8 -n 5 | OS: 10.13.6 | XCODE: 10.1]
0:100  0:000  SelfDevicePath=PciRoot(0x0)\Pci(0x1,0x0)\Pci(0x0,0x0)\NVMe(0x1,00-00-00-00-00-00-00-00)\HD(1,GPT,0C7AC1B6-8F40-4469-9258-11728E5E74B6,0x28,0x64000) @795B3618
0:100  0:000  SelfDirPath = \EFI\BOOT
0:100  0:000  === [ Get Smbios ] ========================================
0:100  0:000  Type 16 Index = 0
0:100  0:000  Total Memory Slots Count = 2
0:100  0:000  Type 17 Index = 0
0:100  0:000  SmbiosTable.Type17->Speed = 2667MHz
0:100  0:000  SmbiosTable.Type17->Size = 8192MB
0:100  0:000  SmbiosTable.Type17->Bank/Device = BANK 0 ChannelA-DIMM0
0:100  0:000  SmbiosTable.Type17->Vendor = Samsung
0:100  0:000  SmbiosTable.Type17->SerialNumber = 41F8C2AD
0:100  0:000  SmbiosTable.Type17->PartNumber = M471A1K43CB1-CTD    
0:100  0:000  Type 17 Index = 1
0:100  0:000  SmbiosTable.Type17->Speed = 2667MHz
0:100  0:000  SmbiosTable.Type17->Size = 8192MB
0:100  0:000  SmbiosTable.Type17->Bank/Device = BANK 2 ChannelB-DIMM0
0:100  0:000  SmbiosTable.Type17->Vendor = Samsung
0:100  0:000  SmbiosTable.Type17->SerialNumber = 41F8C313
0:100  0:000  SmbiosTable.Type17->PartNumber = M471A1K43CB1-CTD    
0:100  0:000  Boot status=0
0:100  0:000  Running on: 'To Be Filled By O.E.M.' with board 'H310M-STX_COM'
0:100  0:000  === [ GetCPUProperties ] ==================================
0:100  0:000  CPU Vendor = 756E6547 Model=906EA
0:100  0:000   The CPU supported SSE4.1
0:100  0:000  BrandString = Intel(R) Core(TM) i7-8700 CPU @ 3.20GHz
0:100  0:000   The CPU supported turbo
0:100  0:000  MSR 0x35               6000C
0:100  0:000   TSC/CCC Information Leaf:
0:100  0:000    numerator     : 266
0:100  0:000    denominator   : 2
0:100  0:000   Calibrated ARTFrequency: 24003468
0:100  0:000  MSR 0xE2 before patch 00000000
0:100  0:000  MSR 0xCE              08080838_F1012000
0:100  0:000  corrected FLEX_RATIO = 0
0:100  0:000  MSR 0x1B0             00000000
0:100  0:000  FSBFrequency = 100 MHz, DMI FSBFrequency = 100 MHz, Corrected FSBFrequency = 100 MHz
0:100  0:000  MaxDiv/MinDiv: 32.0/8
0:100  0:000  Turbo: 43/44/45/46
0:100  0:000  Features: 0xBFEBFBFF
0:100  0:000  Threads: 12
0:100  0:000  Cores: 6
0:100  0:000  FSB: 100 MHz
0:100  0:000  CPU: 3200 MHz
0:100  0:000  TSC: 3200 MHz
0:100  0:000  PIS: 100 MHz
0:100  0:000  ExternalClock: 25 MHz
0:100  0:000  === [ GetDevices ] ========================================
0:100  0:000  PCI (00|00:00.00) : 8086 3EC2 class=060000
0:100  0:000  PCI (00|00:01.00) : 8086 1901 class=060400
0:100  0:000  PCI (00|01:00.00) : 8086 F1A6 class=010802
0:100  0:000  PCI (00|00:02.00) : 8086 3E92 class=030000
0:100  0:000   - GFX: Model=Intel UHD Graphics 630 (Intel)
0:100  0:000  PCI (00|00:12.00) : 8086 A379 class=118000
0:100  0:000  PCI (00|00:14.00) : 8086 A36D class=0C0330
0:100  0:000  PCI (00|00:14.02) : 8086 A36F class=050000
0:100  0:000  PCI (00|00:14.05) : 8086 A375 class=080501
0:100  0:000  PCI (00|00:16.00) : 8086 A360 class=078000
0:100  0:000  PCI (00|00:17.00) : 8086 A352 class=010601
0:100  0:000  PCI (00|00:1C.00) : 8086 A33E class=060400
0:100  0:000  PCI (00|02:00.00) : 14E4 43A0 class=028000
0:100  0:000   - WIFI: Vendor=Broadcom
0:100  0:000  PCI (00|00:1F.00) : 8086 A303 class=060100
0:100  0:000  PCI (00|00:1F.03) : 8086 A348 class=040300
0:100  0:000  PCI (00|00:1F.04) : 8086 A323 class=0C0500
0:100  0:000  PCI (00|00:1F.05) : 8086 A324 class=0C8000
0:100  0:000  PCI (00|00:1F.06) : 8086 15BC class=020000
0:101  0:000   - LAN: 0 Vendor=Intel
0:101  0:000  === [ GetDefaultSettings ] ================================
0:101  0:000  Clover load options size = 0 bytes
0:103  0:002  EFI\CLOVER\config.plist loaded: Success
0:103  0:000  === [ GetListOfThemes ] ===================================
0:104  0:000  - [00]: bootcamp
0:104  0:000  === [ Found config plists ] ===============================
0:104  0:000  - config.plist
0:105  0:000  === [ GetEarlyUserSettings ] ==============================
0:105  0:000  timeout set to 3
0:105  0:000  Custom boot CUSTOM_BOOT_DISABLED (0x0)
0:105  0:000  Default theme: bootcamp
0:105  0:000  Hiding entries with string Preboot
0:105  0:000  Hiding entries with string Recovery
0:105  0:000  Hiding entries with string Document
0:105  0:000  === [ LoadDrivers ] =======================================
0:105  0:000  Loading ApfsDriverLoader-64.efi  status=Success
0:106  0:000   - driver needs connecting
0:106  0:000  Loading AptioMemoryFix-64.efi  status=Success
0:107  0:000  Loading CsmVideoDxe-64.efi  status=Success
0:107  0:000   - driver needs connecting
0:107  0:000  Loading EmuVariableUefi-64.efi  status=Success
0:108  0:000  EmuVariableUefi Initialize: VariableCommonInitialize = Success, orig services stored, install gEmuVariableControlProtocolGuid = Success
0:108  0:000  Loading FSInject-64.efi  status=Success
0:109  0:000  Loading HFSPlus.efi  status=Success
0:110  0:000   - driver needs connecting
0:110  0:000  Loading OsxFatBinaryDrv-64.efi  status=Success
0:110  0:000  3 drivers needs connecting ...
0:110  0:000  PlatformDriverOverrideProtocol->GetDriver overriden
0:110  0:000  HFS+ driver loaded
0:110  0:000  APFS driver loaded
0:110  0:000  Video driver loaded: disconnect Success
0:145  0:034  Searching for invalid DiskIo BY_DRIVER connects: not found, all ok
0:213  0:067  CsmVideoDriverBindingStart
0:213  0:000  mixed support=40010
0:213  0:000  Controller is [030000]
0:213  0:000  Check for VBE
0:229  0:016   found Detail Timing 1920x1080
0:229  0:000   found Detail Timing 1280x720
0:234  0:005    0 1280x1024 attr=9B - ok, edid+, working, highest, pref=0
0:239  0:005    1 1024x768 attr=9B - ok, edid+, 1024x768, working
0:241  0:001    2 640x480 attr=9B - ok, edid+, 640x480, working
0:245  0:003    3 800x600 attr=9B - ok, edid+, 800x600, working
0:255  0:010    4 1920x1080 attr=9B - ok, edid+, working, highest, pref=4
0:255  0:000  CsmVideo: New mode: 4 1920x1080 - set
0:394  0:138   - SetMode pref 4 (4) = Success
0:394  0:000  CsmVideoCheckForVbe - Success
0:394  0:000  CsmVideoDriverBindingStart end Success
0:398  0:004  CsmVideo: New mode: 4 1920x1080EmuVariable InstallEmulation: orig vars copied, emu.var.services installed, CreateEvent VirtualAddressChange = Success, CreateEvent ExitBootServices = Success, set Status=Success
0:671  0:272  === [ InitScreen ] ========================================
0:671  0:000  Console modes reported: 4, available modes:
0:671  0:000   - [01]: 80x25 (current mode)
0:671  0:000   - [02]: 128x40
0:671  0:000   - [03]: 100x31
0:671  0:000   - [04]: 240x56
0:671  0:000  SetScreenResolution: 3840x2160 - not found!
0:671  0:000  reinit: self device path=PciRoot(0x0)\Pci(0x1,0x0)\Pci(0x0,0x0)\NVMe(0x1,00-00-00-00-00-00-00-00)\HD(1,GPT,0C7AC1B6-8F40-4469-9258-11728E5E74B6,0x28,0x64000)
0:671  0:000  Using embedded font: Success
0:672  0:000  === [ GetMacAddress ] =====================================
0:672  0:000   get legacy LAN MAC, 1 card found
0:672  0:000  Legacy MAC address of LAN #0= 70:85:C2:84:D2:3F:
0:672  0:000  === [ ScanSPD ] ===========================================
0:672  0:000  Scanning SMBus [8086:A323], mmio: 0xA1538004, ioport: 0xEFA0, hostc: 0x1
0:691  0:019  Slot: 0 Type 26 8192MB 2666MHz Vendor=Samsung PartNo=M471A1K43CB1-CTD SerialNo=04010F080C020A0D
0:711  0:019  Slot: 2 Type 26 8192MB 2666MHz Vendor=Samsung PartNo=M471A1K43CB1-CTD SerialNo=04010F080C030103
0:712  0:001  === [ GetAcpiTablesList ] =================================
0:712  0:000  Get Acpi Tables List from RSDT:
0:712  0:000   - [00]: FACP  A M I  len=132
0:712  0:000   - [01]: APIC  A M I  len=244
0:712  0:000   - [02]: FPDT  A M I  len=68
0:712  0:000   - [03]: FIDT  A M I len=156
0:712  0:000   - [04]: MCFG  A M I  len=60
0:712  0:000   - [05]: SSDT  SataTabl len=888
0:712  0:000   - [06]: SSDT  CpuSsdt len=6091
0:712  0:000   - [07]: AAFT  OEMAAFT  len=573
0:712  0:000   - [08]: SSDT  SaSsdt  len=12743
0:712  0:000   - [09]: SSDT  PegSsdt len=8040
0:712  0:000   - [10]: HPET  A M I  len=56
0:712  0:000   - [11]: SSDT  xh_cfsd4 len=10573
0:712  0:000   - [12]: UEFI  A M I  len=72
0:712  0:000   - [13]: LPIT  A M I  len=92
0:712  0:000   - [14]: SSDT  TbtTypeC len=4094
0:712  0:000   - [15]: DBGP  A M I  len=52
0:712  0:000   - [16]: DBG2  A M I  len=84
0:712  0:000   - [17]: SSDT  UsbCTabl len=6449
0:712  0:000   - [18]: BGRT  A M I  len=56
0:712  0:000   - [19]: WSMT  A M I  len=40
0:712  0:000  Calibrated TSC Frequency = 3192461310 = 3192MHz
0:712  0:000  === [ GetUserSettings ] ===================================
0:712  0:000  Add 2 devices:
0:712  0:000  USB FixOwnership: no
0:712  0:000  Dropping 1 tables:
0:712  0:000   - [00]: Drop table  signature="DMAR" (52414D44)
0:712  0:000           - set table: 52414D44,                0 to drop: no
0:712  0:000   - final DSDT Fix mask=00000000
0:712  0:000  PatchesDSDT: 7 requested
0:712  0:000   - [00]: (change GFX0 to IGPU) lenToFind: 4, lenToReplace: 4, Target Bridge: <null string>
0:712  0:000   - [01]: (change HECI to IMEI) lenToFind: 4, lenToReplace: 4, Target Bridge: <null string>
0:712  0:000   - [02]: (change SAT0 to SATA) lenToFind: 4, lenToReplace: 4, Target Bridge: <null string>
0:712  0:000   - [03]: (change HDAS to HDEF) lenToFind: 4, lenToReplace: 4, Target Bridge: <null string>
0:712  0:000   - [04]: (change EHC1 to EH01) lenToFind: 4, lenToReplace: 4, Target Bridge: <null string>
0:712  0:000   - [05]: (change EHC2 to EH02) lenToFind: 4, lenToReplace: 4, Target Bridge: <null string>
0:712  0:000   - [06]: (change XHCI to XHC) lenToFind: 4, lenToReplace: 4, Target Bridge: <null string>
0:712  0:000  Using ProductName from config: Macmini8,1
0:712  0:000  Found same BiosVersion in clover and config
0:712  0:000  BiosVersion: MM81.88Z.F000.B00.1809171422
0:712  0:000  BiosReleaseDate: 09/17/2018
0:712  0:000  Using EfiVersion from config: 220.207.27.0.0
0:712  0:000  Using FirmwareFeatures from config: 0xFC0FE137
0:712  0:000  Using FirmwareFeaturesMask from config: 0xFF1FFF3F
0:712  0:000  Board-ID set from config as Mac-4B682C642B45593E
0:712  0:000  BoardType: 0xA
0:712  0:000  ChassisType: 0x9
0:712  0:000  Converted CustomUUID 46D74157-C7EE-4A8D-A100-8D6F4F85DA97
0:712  0:000  === [ Found DSDT tables ] =================================
0:744  0:031  === [ ScanVolumes ] =======================================
0:744  0:000  Found 10 volumes with blockIO
0:744  0:000  - [00]: Volume: PciRoot(0x0)\Pci(0x1,0x0)\Pci(0x0,0x0)\NVMe(0x1,00-00-00-00-00-00-00-00)
0:744  0:000  - [01]: Volume: PciRoot(0x0)\Pci(0x1,0x0)\Pci(0x0,0x0)\NVMe(0x1,00-00-00-00-00-00-00-00)\HD(1,GPT,0C7AC1B6-8F40-4469-9258-11728E5E74B6,0x28,0x64000)
0:744  0:000          Result of bootcode detection: bootable unknown (legacy)
0:744  0:000          This is SelfVolume !!
0:744  0:000  - [02]: Volume: PciRoot(0x0)\Pci(0x1,0x0)\Pci(0x0,0x0)\NVMe(0x1,00-00-00-00-00-00-00-00)\HD(2,GPT,27E7217B-4EEA-4C9D-9AA0-DA651B616C3E,0x64028,0x1DC8F260)
0:744  0:000          Result of bootcode detection: bootable unknown (legacy)
0:744  0:000  - [03]: Volume: PciRoot(0x0)\Pci(0x17,0x0)\Sata(0x0,0xFFFF,0x0)
0:744  0:000  - [04]: Volume: PciRoot(0x0)\Pci(0x17,0x0)\Sata(0x0,0xFFFF,0x0)\HD(1,GPT,6359B3BF-CDFA-4636-AE74-615C1E4CCD58,0x28,0x64000)
0:745  0:000          Result of bootcode detection: bootable unknown (legacy)
0:765  0:020  - [05]: Volume: PciRoot(0x0)\Pci(0x17,0x0)\Sata(0x0,0xFFFF,0x0)\HD(2,GPT,0145AD4C-66E9-410A-B48F-C28E9297CE2C,0x64028,0x74662D60)
0:766  0:000  - [06]: Volume: PciRoot(0x0)\Pci(0x1,0x0)\Pci(0x0,0x0)\NVMe(0x1,00-00-00-00-00-00-00-00)\HD(2,GPT,27E7217B-4EEA-4C9D-9AA0-DA651B616C3E,0x64028,0x1DC8F260)\VenMedia(BE74FCF7-0B7C-49F3-9147-01F4042E6842,B1CC57BDDA257D48A98E115403D461B7)
0:766  0:000          hiding this volume
0:766  0:000  - [07]: Volume: PciRoot(0x0)\Pci(0x1,0x0)\Pci(0x0,0x0)\NVMe(0x1,00-00-00-00-00-00-00-00)\HD(2,GPT,27E7217B-4EEA-4C9D-9AA0-DA651B616C3E,0x64028,0x1DC8F260)\VenMedia(BE74FCF7-0B7C-49F3-9147-01F4042E6842,AB018502442C274EB3DB4A61BF07EA46)
0:766  0:000  - [08]: Volume: PciRoot(0x0)\Pci(0x1,0x0)\Pci(0x0,0x0)\NVMe(0x1,00-00-00-00-00-00-00-00)\HD(2,GPT,27E7217B-4EEA-4C9D-9AA0-DA651B616C3E,0x64028,0x1DC8F260)\VenMedia(BE74FCF7-0B7C-49F3-9147-01F4042E6842,E10B7A0DE2D0264CA5091FEB25EFF573)
0:766  0:000          hiding this volume
0:766  0:000  - [09]: Volume: PciRoot(0x0)\Pci(0x1,0x0)\Pci(0x0,0x0)\NVMe(0x1,00-00-00-00-00-00-00-00)\HD(2,GPT,27E7217B-4EEA-4C9D-9AA0-DA651B616C3E,0x64028,0x1DC8F260)\VenMedia(BE74FCF7-0B7C-49F3-9147-01F4042E6842,659B90EEE82AFF4EA6364D3BF03C987D)
0:769  0:002  PutNvramPlistToRtVars: nvram.plist not found
0:769  0:000  No AudioIoProtocols, status=Not Found
0:769  0:000  === [ InitTheme ] =========================================
0:769  0:000  use night theme
0:770  0:000  Using theme 'bootcamp' (EFI\CLOVER\themes\bootcamp)
0:770  0:000  OS main and drive as badge
0:770  0:000  Warning! Character width 11 should be even!
0:770  0:000  file sound read: sound_night.wav Not Found
0:770  0:000  file sound read: sound.wav Not Found
0:771  0:000  Loading font from ThemeDir: Success
0:771  0:000  theme inited
0:771  0:000  Chosen theme bootcamp
0:771  0:000  after NVRAM boot-args=slide=0
0:771  0:000  === [ Dump SMC keys from NVRAM ] ==========================
0:771  0:000  no AppleSMC protocol
0:771  0:000  === [ AddCustomEntries ] ==================================
0:771  0:000  Custom entry 0 FullTitle:"Window 10 Pro" Path:"\EFI\Microsoft\Boot\bootmgfw.efi" Options:"-s -h" Type:7 Flags:0x0 matching Volume:"97A4986C-BA17-47D7-9890-A58594B19CCD"
0:771  0:000      Checking volume "EFI" (PciRoot(0x0)\Pci(0x1,0x0)\Pci(0x0,0x0)\NVMe(0x1,00-00-00-00-00-00-00-00)\HD(1,GPT,0C7AC1B6-8F40-4469-9258-11728E5E74B6,0x28,0x64000)) ... skipped
0:771  0:000      Checking volume "EFI" (PciRoot(0x0)\Pci(0x17,0x0)\Sata(0x0,0xFFFF,0x0)\HD(1,GPT,6359B3BF-CDFA-4636-AE74-615C1E4CCD58,0x28,0x64000)) ... skipped
0:771  0:000      Checking volume "1000disk" (PciRoot(0x0)\Pci(0x17,0x0)\Sata(0x0,0xFFFF,0x0)\HD(2,GPT,0145AD4C-66E9-410A-B48F-C28E9297CE2C,0x64028,0x74662D60)) ... skipped
0:771  0:000      Checking volume "Preboot" (PciRoot(0x0)\Pci(0x1,0x0)\Pci(0x0,0x0)\NVMe(0x1,00-00-00-00-00-00-00-00)\HD(2,GPT,27E7217B-4EEA-4C9D-9AA0-DA651B616C3E,0x64028,0x1DC8F260)\VenMedia(BE74FCF7-0B7C-49F3-9147-01F4042E6842,B1CC57BDDA257D48A98E115403D461B7)) ... skipped because volume is hidden
0:771  0:000      Checking volume "Mojave" (PciRoot(0x0)\Pci(0x1,0x0)\Pci(0x0,0x0)\NVMe(0x1,00-00-00-00-00-00-00-00)\HD(2,GPT,27E7217B-4EEA-4C9D-9AA0-DA651B616C3E,0x64028,0x1DC8F260)\VenMedia(BE74FCF7-0B7C-49F3-9147-01F4042E6842,AB018502442C274EB3DB4A61BF07EA46)) ... skipped
0:771  0:000      Checking volume "Recovery" (PciRoot(0x0)\Pci(0x1,0x0)\Pci(0x0,0x0)\NVMe(0x1,00-00-00-00-00-00-00-00)\HD(2,GPT,27E7217B-4EEA-4C9D-9AA0-DA651B616C3E,0x64028,0x1DC8F260)\VenMedia(BE74FCF7-0B7C-49F3-9147-01F4042E6842,E10B7A0DE2D0264CA5091FEB25EFF573)) ... skipped because volume is hidden
0:771  0:000      Checking volume "VM" (PciRoot(0x0)\Pci(0x1,0x0)\Pci(0x0,0x0)\NVMe(0x1,00-00-00-00-00-00-00-00)\HD(2,GPT,27E7217B-4EEA-4C9D-9AA0-DA651B616C3E,0x64028,0x1DC8F260)\VenMedia(BE74FCF7-0B7C-49F3-9147-01F4042E6842,659B90EEE82AFF4EA6364D3BF03C987D)) ... skipped
0:771  0:000  === [ ScanLoader ] ========================================
0:771  0:000  - [01]: 'EFI'
0:772  0:000          AddLoaderEntry for Volume Name=EFI
0:772  0:000          skipped because entry is hidden
0:772  0:000  - [04]: 'EFI'
0:784  0:011  - [05]: '1000disk'
0:784  0:000  - [06]: 'Preboot', hidden
0:784  0:000  - [07]: 'Mojave'
0:892  0:108          AddLoaderEntry for Volume Name=Mojave
0:918  0:025      Check if volume Is Hibernated:
0:918  0:000      Check sleep image 'by signature':
0:954  0:036      read prefs \Library\Preferences\com.apple.PowerManagement.plist status=Success
0:954  0:000      using default sleep image name = \private\var\vm\sleepimage
0:971  0:016      sleepimage not found -> Not Found
0:971  0:000      hibernated: no - sign
0:987  0:016  - [08]: 'Recovery', hidden
0:987  0:000  - [09]: 'VM'
0:987  0:000  === [ AddCustomTool ] =====================================
0:988  0:000  found tool \EFI\CLOVER\tools\Shell64U.efi
0:988  0:000  Checking EFI partition Volume 1 for Clover
0:988  0:000   Found Clover
0:988  0:000  EmuVariable UninstallEmulation: CloseEvent = Success, original var services restored
0:988  0:000  EmuVariable InstallEmulation: orig vars copied, emu.var.services installed, CreateEvent VirtualAddressChange = Success, CreateEvent ExitBootServices = Success, set Status=Success
1:014  0:026  === [ GetEfiBootDeviceFromNvram ] =========================
1:014  0:000   - found entry 0. 'Boot macOS from Mojave', Volume 'Mojave', DevicePath 'PciRoot(0x0)\Pci(0x1,0x0)\Pci(0x0,0x0)\NVMe(0x1,00-00-00-00-00-00-00-00)\HD(2,GPT,27E7217B-4EEA-4C9D-9AA0-DA651B616C3E,0x64028,0x1DC8F260)\VenMedia(BE74FCF7-0B7C-49F3-9147-01F4042E6842,AB018502442C274EB3DB4A61BF07EA46)\System\Library\CoreServices\boot.efii'
1:014  0:000  EmuVariable UninstallEmulation: CloseEvent = Success, original var services restored
1:014  0:000  DefaultIndex=0 and MainMenu.EntryCount=7
1:238  0:223  GUI ready
9:158  7:920  Boot option Boot0000 not found
9:158  0:000  === [ StartLoader ] =======================================
9:158  0:000  Finally: ExternalClock=25MHz BusSpeed=99765kHz CPUFreq=3192MHz PIS: hw.busfrequency=100000000Hz
9:158  0:000  Loading boot.efi  status=Success
9:180  0:021  GetOSVersion: 10.14.4 (18E226)
9:180  0:000  CSR_CFG: CSR_ALLOW_UNTRUSTED_KEXTS | CSR_ALLOW_UNRESTRICTED_FS | CSR_ALLOW_TASK_FOR_PID | CSR_ALLOW_UNRESTRICTED_DTRACE | CSR_ALLOW_UNRESTRICTED_NVRAM | CSR_ALLOW_DEVICE_CONFIGURATION | CSR_ALLOW_ANY_RECOVERY_OS | CSR_ALLOW_UNAPPROVED_KEXTS
9:180  0:000  Will not patch boot.efi
9:180  0:000  EmuVariable InstallEmulation: orig vars copied, emu.var.services installed, CreateEvent VirtualAddressChange = Success, CreateEvent ExitBootServices = Success, set Status=Success
9:206  0:026  === [ PatchSmbios ] =======================================
9:206  0:000  insert table 9 for dev 1F:6
9:206  0:000  insert table 9 for dev 0:0
9:207  0:000  Trusting SMBIOS...
9:207  0:000  Detected alternating SMBIOS channel banks
9:207  0:000  Channels: 2
9:207  0:000  Interleave: 0 2 1 3 4 6 5 7 8 10 9 11 12 14 13 15 16 18 17 19 20 22 21 23
9:207  0:000   partNum=M471A1K43CB1-CTD    
9:207  0:000  SMBIOS Type 17 Index = 0 => 0 0:
9:207  0:000  BANK 0 DIMM0 2667MHz 8192MB
9:207  0:000   partNum=M471A1K43CB1-CTD    
9:207  0:000  SMBIOS Type 17 Index = 1 => 1 2:
9:207  0:000  BANK 1 DIMM0 2667MHz 8192MB
9:207  0:000  mTotalSystemMemory = 16384
9:207  0:000  NumberOfMemoryDevices = 2
9:207  0:000  Type20[0]->End = 0x7FFFFF, Type17[0] = 0x2000
9:207  0:000  Type20[1]->End = 0xFFFFFF, Type17[1] = 0x6000
9:207  0:000  Table 131 is present, CPUType=35
9:207  0:000  Change to: 705
9:207  0:000  === [ PatchACPI ] =========================================
9:207  0:000  Xsdt reallocation done
9:207  0:000  old FADT length=114
9:207  0:000   SignatureFixup: 0x6086BB5A -> 0x0
9:208  0:001  Apply DsdtFixMask=0x00000000
9:208  0:000     drop _DSM mask=0xFFFF
9:208  0:000  === [ FixBiosDsdt ] =======================================
9:209  0:000  Patching DSDT:
9:209  0:000   - [change GFX0 to IGPU]: pattern 47465830, patched at: [ (51) (E) (12) (12) (12) (5E) (12) (77) (12) (633) (12) (31CC) (619C) (8EA7) (1B) (3A77) (14) (11478) (1B84) (1348A) ]
9:209  0:000   - [change HECI to IMEI]: pattern 48454349, patched at: [ (1214F) (15A06) (1FAE) ]
9:209  0:000   - [change SAT0 to SATA]: pattern 53415430, patched at: [ (34E) (12) (1CA) (16) (16) (16) (16) (16) (16) (16) (16) (16) (16) (16) (DF04) (222A) (27) (28) (28) (28) (28) (28) (29) (29) (29) (29) (29) (31) (27) (28) (28) (28) (28) (28) (29) (29) (29) (29) (29) (16E24) (1A00) (21) (10B) (4D1) (1B3) (29) (2E) (2E) (2E) ]
9:210  0:000   - [change HDAS to HDEF]: pattern 48444153, patched at: [ (2CE) (12) (12) (D72B) (76) (3F) (66) (A7) (DB) (89) (19E66) (19D0) (A092) (8FCC) ]
9:210  0:000   - [change EHC1 to EH01]: pattern 45484331, bin not found / already patched!
9:210  0:000   - [change EHC2 to EH02]: pattern 45484332, bin not found / already patched!
9:210  0:000   - [change XHCI to XHC]: pattern 58484349, patched at: [ (D163) ]
9:211  0:000    0 replacements
9:212  0:001  PreCleanup XSDT: count=20, length=196
9:212  0:000  PreCleanup XSDT, corrected XSDT: count=20, length=196
9:212  0:000  === [ ACPIDropTables ] ====================================
9:212  0:000  0. [change GFX0 to IGPU]: pattern 47465830, bin not found / already patched!
9:212  0:000  1. [change HECI to IMEI]: pattern 48454349, bin not found / already patched!
9:212  0:000  2. [change SAT0 to SATA]: pattern 53415430, patched at: [ (20) (E) (12) (12) (12) (12) (12) (AB) ]
9:212  0:000  3. [change HDAS to HDEF]: pattern 48444153, bin not found / already patched!
9:212  0:000  4. [change EHC1 to EH01]: pattern 45484331, bin not found / already patched!
9:212  0:000  5. [change EHC2 to EH02]: pattern 45484332, bin not found / already patched!
9:212  0:000  6. [change XHCI to XHC]: pattern 58484349, bin not found / already patched!
9:212  0:000    0 replacements
9:212  0:000  0. [change GFX0 to IGPU]: pattern 47465830, bin not found / already patched!
9:212  0:000  1. [change HECI to IMEI]: pattern 48454349, bin not found / already patched!
9:212  0:000  2. [change SAT0 to SATA]: pattern 53415430, bin not found / already patched!
9:212  0:000  3. [change HDAS to HDEF]: pattern 48444153, bin not found / already patched!
9:212  0:000  4. [change EHC1 to EH01]: pattern 45484331, bin not found / already patched!
9:212  0:000  5. [change EHC2 to EH02]: pattern 45484332, bin not found / already patched!
9:212  0:000  6. [change XHCI to XHC]: pattern 58484349, bin not found / already patched!
9:212  0:000    0 replacements
9:212  0:000  Found OperationRegion(PNVS, SystemMemory, 7EDBE000, ...)
9:212  0:000  0. [change GFX0 to IGPU]: pattern 47465830, patched at: [ (2D) (3A) (46) (2C1) (1C9B) (A3A) (1D) (6AF) ]
9:212  0:000  1. [change HECI to IMEI]: pattern 48454349, bin not found / already patched!
9:212  0:000  2. [change SAT0 to SATA]: pattern 53415430, bin not found / already patched!
9:212  0:000  3. [change HDAS to HDEF]: pattern 48444153, bin not found / already patched!
9:212  0:000  4. [change EHC1 to EH01]: pattern 45484331, bin not found / already patched!
9:212  0:000  5. [change EHC2 to EH02]: pattern 45484332, bin not found / already patched!
9:212  0:000  6. [change XHCI to XHC]: pattern 58484349, bin not found / already patched!
9:212  0:000    0 replacements
9:212  0:000  Found OperationRegion(SANV, SystemMemory, 7E499118, ...)
9:212  0:000  0. [change GFX0 to IGPU]: pattern 47465830, bin not found / already patched!
9:212  0:000  1. [change HECI to IMEI]: pattern 48454349, bin not found / already patched!
9:212  0:000  2. [change SAT0 to SATA]: pattern 53415430, bin not found / already patched!
9:212  0:000  3. [change HDAS to HDEF]: pattern 48444153, bin not found / already patched!
9:212  0:000  4. [change EHC1 to EH01]: pattern 45484331, bin not found / already patched!
9:212  0:000  5. [change EHC2 to EH02]: pattern 45484332, bin not found / already patched!
9:212  0:000  6. [change XHCI to XHC]: pattern 58484349, bin not found / already patched!
9:212  0:000    0 replacements
9:212  0:000  0. [change GFX0 to IGPU]: pattern 47465830, bin not found / already patched!
9:212  0:000  1. [change HECI to IMEI]: pattern 48454349, bin not found / already patched!
9:212  0:000  2. [change SAT0 to SATA]: pattern 53415430, bin not found / already patched!
9:212  0:000  3. [change HDAS to HDEF]: pattern 48444153, bin not found / already patched!
9:212  0:000  4. [change EHC1 to EH01]: pattern 45484331, bin not found / already patched!
9:212  0:000  5. [change EHC2 to EH02]: pattern 45484332, bin not found / already patched!
9:212  0:000  6. [change XHCI to XHC]: pattern 58484349, bin not found / already patched!
9:212  0:000    0 replacements
9:212  0:000  0. [change GFX0 to IGPU]: pattern 47465830, bin not found / already patched!
9:212  0:000  1. [change HECI to IMEI]: pattern 48454349, bin not found / already patched!
9:212  0:000  2. [change SAT0 to SATA]: pattern 53415430, bin not found / already patched!
9:212  0:000  3. [change HDAS to HDEF]: pattern 48444153, bin not found / already patched!
9:212  0:000  4. [change EHC1 to EH01]: pattern 45484331, bin not found / already patched!
9:212  0:000  5. [change EHC2 to EH02]: pattern 45484332, bin not found / already patched!
9:212  0:000  6. [change XHCI to XHC]: pattern 58484349, bin not found / already patched!
9:212  0:000    0 replacements
9:213  0:000  0. [change GFX0 to IGPU]: pattern 47465830, bin not found / already patched!
9:213  0:000  1. [change HECI to IMEI]: pattern 48454349, bin not found / already patched!
9:213  0:000  2. [change SAT0 to SATA]: pattern 53415430, bin not found / already patched!
9:213  0:000  3. [change HDAS to HDEF]: pattern 48444153, bin not found / already patched!
9:213  0:000  4. [change EHC1 to EH01]: pattern 45484331, bin not found / already patched!
9:213  0:000  5. [change EHC2 to EH02]: pattern 45484332, bin not found / already patched!
9:213  0:000  6. [change XHCI to XHC]: pattern 58484349, bin not found / already patched!
9:213  0:000    0 replacements
9:213  0:000  CPUBase=0 and ApicCPUBase=1 ApicCPUNum=1
9:213  0:000  Cleanup XSDT: count=20, length=196
9:213  0:000  corrected XSDT count=20, length=196
9:213  0:000  === [ RestSetup macOS ] ===================================
9:213  0:000  EdidDiscovered size=128
9:213  0:000  --- Discovered EDID Table size:128
9:213  0:000  000  |  00  FF  FF  FF  FF  FF  FF  00  4C  2D
9:213  0:000  010  |  0C  0C  35  54  4C  30  02  19  01  03
9:213  0:000  020  |  80  30  1B  78  2A  90  C1  A2  59  55
9:213  0:000  030  |  9C  27  0E  50  54  BF  EF  80  71  4F
9:213  0:000  040  |  81  C0  81  00  81  80  95  00  A9  C0
9:213  0:000  050  |  B3  00  01  01  02  3A  80  18  71  38
9:213  0:000  060  |  2D  40  58  2C  45  00  DD  0C  11  00
9:213  0:000  070  |  00  1E  01  1D  00  72  51  D0  1E  20
9:213  0:000  080  |  6E  28  55  00  DD  0C  11  00  00  1E
9:213  0:000  090  |  00  00  00  FD  00  32  4B  1E  51  11
9:213  0:000  100  |  00  0A  20  20  20  20  20  20  00  00
9:213  0:000  110  |  00  FC  00  53  32  32  45  33  36  30
9:213  0:000  120  |  0A  20  20  20  20  20  01  AD
9:213  0:000  add device: PciRoot(0x0)/Pci(0x2,0x0)
9:213  0:000     Add key=framebuffer-unifiedmem valuelen=4
9:213  0:000     Add key=framebuffer-stolenmem valuelen=4
9:213  0:000     Add key=framebuffer-portcount valuelen=4
9:213  0:000     Add key=framebuffer-pipecount valuelen=4
9:213  0:000     Add key=framebuffer-patch-enable valuelen=4
9:213  0:000     Add key=framebuffer-mobile valuelen=4
9:213  0:000     Add key=framebuffer-memorycount valuelen=4
9:213  0:000     Add key=framebuffer-flags valuelen=4
9:213  0:000     Add key=framebuffer-fbmem valuelen=4
9:213  0:000     Add key=framebuffer-con3-type valuelen=4
9:213  0:000     Add key=framebuffer-con3-pipe valuelen=4
9:213  0:000     Add key=framebuffer-con3-index valuelen=4
9:213  0:000     Add key=framebuffer-con3-flags valuelen=4
9:213  0:000     Add key=framebuffer-con3-enable valuelen=4
9:213  0:000     Add key=framebuffer-con3-busid valuelen=4
9:213  0:000     Add key=framebuffer-con2-type valuelen=4
9:213  0:000     Add key=framebuffer-con2-pipe valuelen=4
9:213  0:000     Add key=framebuffer-con2-index valuelen=4
9:213  0:000     Add key=framebuffer-con2-flags valuelen=4
9:213  0:000     Add key=framebuffer-con2-enable valuelen=4
9:213  0:000     Add key=framebuffer-con2-busid valuelen=4
9:213  0:000     Add key=framebuffer-con1-type valuelen=4
9:213  0:000     Add key=framebuffer-con1-pipe valuelen=4
9:213  0:000     Add key=framebuffer-con1-index valuelen=4
9:213  0:000     Add key=framebuffer-con1-flags valuelen=4
9:213  0:000     Add key=framebuffer-con1-enable valuelen=4
9:213  0:000     Add key=framebuffer-con1-busid valuelen=4
9:213  0:000     Add key=framebuffer-con0-type valuelen=4
9:213  0:000     Add key=framebuffer-con0-pipe valuelen=4
9:213  0:000     Add key=framebuffer-con0-index valuelen=4
9:213  0:000     Add key=framebuffer-con0-flags valuelen=4
9:213  0:000     Add key=framebuffer-con0-enable valuelen=4
9:213  0:000     Add key=framebuffer-con0-busid valuelen=4
9:213  0:000     Add key=framebuffer-camellia valuelen=4
9:213  0:000     Add key=enable-hdmi20 valuelen=4
9:213  0:000     Add key=device-id valuelen=4
9:213  0:000     Add key=AAPL,ig-platform-id valuelen=4
9:213  0:000  add device: PciRoot(0x0)/Pci(0x1F,0x3)
9:213  0:000     Add key=layout-id valuelen=4
9:213  0:000     Add key=device-id valuelen=4
9:213  0:000  Intel GFX injection not set
9:213  0:000   RCBA disabled; cannot use it
9:213  0:000   setting specified layout-id=3 (0x3)
9:213  0:000  stringlength = 4704
9:213  0:000  CurrentMode: Width=1920 Height=1080
9:213  0:000  Beginning FSInjection
FSInjectionInstall ...
- Our FSI_SIMPLE_FILE_SYSTEM_PROTOCOL installed on handle: 79478918
FSInjectionInstall ...
- Our FSI_SIMPLE_FILE_SYSTEM_PROTOCOL installed on handle: 79478918
9:214  0:000  Use origin smbios table type 1 guid.
9:218  0:004  Preparing kexts injection for arch=x86_64 from EFI\CLOVER\kexts\Other
9:218  0:000  Extra kext: EFI\CLOVER\kexts\Other\WhateverGreen.kext (v.1.2.8)
9:220  0:001  Extra kext: EFI\CLOVER\kexts\Other\USBPorts_fixed.kext (v.1.0)
9:220  0:000  Extra kext: EFI\CLOVER\kexts\Other\Lilu.kext (v.1.3.5)
9:221  0:001  Extra kext: EFI\CLOVER\kexts\Other\IntelMausiEthernet.kext (v.2.4.0)
9:222  0:000  Extra kext: EFI\CLOVER\kexts\Other\FakeSMC_SMMSensors.kext (v.1800)
9:223  0:000  Extra kext: EFI\CLOVER\kexts\Other\FakeSMC_LPCSensors.kext (v.1800)
9:237  0:014  Extra kext: EFI\CLOVER\kexts\Other\FakeSMC_GPUSensors.kext (v.1800)
9:238  0:001  Extra kext: EFI\CLOVER\kexts\Other\FakeSMC_CPUSensors.kext (v.1800)
9:239  0:000  Extra kext: EFI\CLOVER\kexts\Other\FakeSMC_ACPISensors.kext (v.1800)
9:240  0:001  Extra kext: EFI\CLOVER\kexts\Other\FakeSMC.kext (v.1800)
9:242  0:001  Extra kext: EFI\CLOVER\kexts\Other\AppleALC.kext (v.1.3.3)
9:282  0:040  SetScreenResolution: 1920x1080 - already set
9:282  0:000  Custom boot is disabled
9:282  0:000  Closing log
